  [1m[36m (18.2ms)[0m  [1mCREATE TABLE "schema_migrations" ("version" character varying NOT NULL) [0m
  [1m[35m (1.7ms)[0m  CREATE UNIQUE INDEX  "unique_schema_migrations" ON "schema_migrations"  ("version")
  [1m[36mActiveRecord::SchemaMigration Load (0.9ms)[0m  [1mSELECT "schema_migrations".* FROM "schema_migrations"[0m
Migrating to DeviseCreateUsers (20150622160732)
  [1m[35m (0.2ms)[0m  BEGIN
  [1m[36m (15.1ms)[0m  [1mCREATE TABLE "users" ("id" serial primary key, "email" character varying DEFAULT '' NOT NULL, "encrypted_password" character varying DEFAULT '' NOT NULL, "reset_password_token" character varying, "reset_password_sent_at" timestamp, "remember_created_at" timestamp, "sign_in_count" integer DEFAULT 0 NOT NULL, "current_sign_in_at" timestamp, "last_sign_in_at" timestamp, "current_sign_in_ip" inet, "last_sign_in_ip" inet, "created_at" timestamp NOT NULL, "updated_at" timestamp NOT NULL) [0m
  [1m[35m (1.2ms)[0m  CREATE UNIQUE INDEX  "index_users_on_email" ON "users"  ("email")
  [1m[36m (1.2ms)[0m  [1mCREATE UNIQUE INDEX  "index_users_on_reset_password_token" ON "users"  ("reset_password_token")[0m
  [1m[35mSQL (0.3ms)[0m  INSERT INTO "schema_migrations" ("version") VALUES ($1)  [["version", "20150622160732"]]
  [1m[36m (0.6ms)[0m  [1mCOMMIT[0m
Migrating to CreateQuestions (20150622161926)
  [1m[35m (0.4ms)[0m  BEGIN
  [1m[36m (3.9ms)[0m  [1mCREATE TABLE "questions" ("id" serial primary key, "title" character varying NOT NULL, "description" text NOT NULL, "user_id" integer) [0m
  [1m[35m (1.1ms)[0m  CREATE UNIQUE INDEX  "index_questions_on_title" ON "questions"  ("title")
  [1m[36m (1.3ms)[0m  [1mCREATE UNIQUE INDEX  "index_questions_on_description" ON "questions"  ("description")[0m
  [1m[35mSQL (0.4ms)[0m  INSERT INTO "schema_migrations" ("version") VALUES ($1)  [["version", "20150622161926"]]
  [1m[36m (0.5ms)[0m  [1mCOMMIT[0m
  [1m[35mActiveRecord::SchemaMigration Load (0.6ms)[0m  SELECT "schema_migrations".* FROM "schema_migrations"
  [1m[36m (4.4ms)[0m  [1mSELECT t2.oid::regclass::text AS to_table, a1.attname AS column, a2.attname AS primary_key, c.conname AS name, c.confupdtype AS on_update, c.confdeltype AS on_delete
FROM pg_constraint c
JOIN pg_class t1 ON c.conrelid = t1.oid
JOIN pg_class t2 ON c.confrelid = t2.oid
JOIN pg_attribute a1 ON a1.attnum = c.conkey[1] AND a1.attrelid = t1.oid
JOIN pg_attribute a2 ON a2.attnum = c.confkey[1] AND a2.attrelid = t2.oid
JOIN pg_namespace t3 ON c.connamespace = t3.oid
WHERE c.contype = 'f'
  AND t1.relname = 'questions'
  AND t3.nspname = ANY (current_schemas(false))
ORDER BY c.conname
[0m
  [1m[35m (3.8ms)[0m  SELECT t2.oid::regclass::text AS to_table, a1.attname AS column, a2.attname AS primary_key, c.conname AS name, c.confupdtype AS on_update, c.confdeltype AS on_delete
FROM pg_constraint c
JOIN pg_class t1 ON c.conrelid = t1.oid
JOIN pg_class t2 ON c.confrelid = t2.oid
JOIN pg_attribute a1 ON a1.attnum = c.conkey[1] AND a1.attrelid = t1.oid
JOIN pg_attribute a2 ON a2.attnum = c.confkey[1] AND a2.attrelid = t2.oid
JOIN pg_namespace t3 ON c.connamespace = t3.oid
WHERE c.contype = 'f'
  AND t1.relname = 'users'
  AND t3.nspname = ANY (current_schemas(false))
ORDER BY c.conname



Started GET "/" for ::1 at 2015-06-22 14:25:58 -0400
  [1m[36mActiveRecord::SchemaMigration Load (1.5ms)[0m  [1mSELECT "schema_migrations".* FROM "schema_migrations"[0m
Processing by HomesController#index as HTML
  Rendered homes/index.html.erb within layouts/application (1.3ms)
Completed 200 OK in 7160ms (Views: 7160.0ms | ActiveRecord: 0.0ms)


Started GET "/" for ::1 at 2015-06-22 14:26:05 -0400
Processing by HomesController#index as HTML
  Rendered homes/index.html.erb within layouts/application (0.0ms)
Completed 200 OK in 62ms (Views: 61.8ms | ActiveRecord: 0.0ms)


Started GET "/assets/foundation_and_overrides.self-7411fe550fde28faf112a054b1f3d3541a45d56fd2a518294549975f522e2b94.css?body=1" for ::1 at 2015-06-22 14:26:05 -0400


Started GET "/assets/application.self-167193cd81d9330d9ddb5c4ec7b44214fea529aa8a94f3a86e6526e4f652fc02.css?body=1" for ::1 at 2015-06-22 14:26:05 -0400


Started GET "/assets/foundation/foundation.alert.self-fbde7afb61e8ffd8ab9b717f0bed1e58cb9e0144a25cc773fea634d5554f62cd.js?body=1" for ::1 at 2015-06-22 14:26:05 -0400


Started GET "/assets/foundation/foundation.self-ee5396739ce46beb039f26ea629172a74143752d74f703c6c3b219fc52aecf73.js?body=1" for ::1 at 2015-06-22 14:26:05 -0400


Started GET "/assets/foundation/foundation.abide.self-f8b56c707a79139807305a5f7efc2aaa0848f0c677abcc056496f507e0192b79.js?body=1" for ::1 at 2015-06-22 14:26:05 -0400


Started GET "/assets/foundation/foundation.accordion.self-d55abdcb0a7a29512be2f31f63d418cc8cc4505a0a3c71946d25484b0a0b3f4e.js?body=1" for ::1 at 2015-06-22 14:26:05 -0400


Started GET "/assets/foundation/foundation.clearing.self-54610737b435a97590fcb176848c3c7a44c4d55d369894260fa7c28c97a70a23.js?body=1" for ::1 at 2015-06-22 14:26:05 -0400


Started GET "/assets/foundation/foundation.dropdown.self-c9ee29909e266373e5e814a73fc6ea062245ddd29466d35d232448f73350d78a.js?body=1" for ::1 at 2015-06-22 14:26:05 -0400


Started GET "/assets/foundation/foundation.equalizer.self-7aa743bf4660deb2fb2f601c112806a1703c430067531da3f41e4afffe19fee9.js?body=1" for ::1 at 2015-06-22 14:26:05 -0400


Started GET "/assets/foundation/foundation.interchange.self-dad8415355087cb21a16fa44bac20d602344d52de5aca9e588e3588fce5dd5a7.js?body=1" for ::1 at 2015-06-22 14:26:05 -0400


Started GET "/assets/foundation/foundation.joyride.self-0a5271728699423f583dd5b3b8a11bfe0dc9fb5044446bcf3218ef8ca906a82d.js?body=1" for ::1 at 2015-06-22 14:26:05 -0400


Started GET "/assets/foundation/foundation.magellan.self-a50193f172f11e57b373c3001072ba2d6b34b857ab251e9ded30af5242855687.js?body=1" for ::1 at 2015-06-22 14:26:05 -0400


Started GET "/assets/foundation/foundation.offcanvas.self-75bffd0c7f4f0d2992ab95f0cc6959282ebb5807da70123d40c01d76e230ec88.js?body=1" for ::1 at 2015-06-22 14:26:05 -0400


Started GET "/assets/foundation/foundation.orbit.self-f8d30eb1717c874db26723f9e07901ec0a325d59263f1404ee83a616bb597ad2.js?body=1" for ::1 at 2015-06-22 14:26:05 -0400


Started GET "/assets/foundation/foundation.reveal.self-95f01feb3e25e47b58b78da0021ae2fffafdee70846682067c180e0e10f7b095.js?body=1" for ::1 at 2015-06-22 14:26:05 -0400


Started GET "/assets/foundation/foundation.slider.self-8911a7352cb577b6b7973b0734d57d2b624c79286558ffa36fcac0c29b2d0bee.js?body=1" for ::1 at 2015-06-22 14:26:05 -0400


Started GET "/assets/foundation/foundation.tab.self-9bf6791513d1b20e213bb1aee3df0bc17128c7e18421258dc68a2a4ccabe1647.js?body=1" for ::1 at 2015-06-22 14:26:05 -0400


Started GET "/assets/foundation/foundation.tooltip.self-834156796c253580629cfffc720bdc3d191b1e5a5a6ddbc1102ecd08c876516c.js?body=1" for ::1 at 2015-06-22 14:26:05 -0400


Started GET "/assets/foundation/foundation.topbar.self-105416f061562f07c6a0a8057d68282fdc1eeb5dc306713fcae6c9a53001fc55.js?body=1" for ::1 at 2015-06-22 14:26:05 -0400


Started GET "/assets/foundation.self-abe4ee7a105042f73b12b1f1a28788522d2f253445a475a94ab4d6e1f7b0ec52.js?body=1" for ::1 at 2015-06-22 14:26:05 -0400


Started GET "/assets/application.self-1509cb3433bf7f60a75710bd4d8561d25423676b3c4d4a21914940bf07b8869a.js?body=1" for ::1 at 2015-06-22 14:26:05 -0400


Started GET "/" for ::1 at 2015-06-22 14:26:18 -0400
Processing by QuestionsController#index as HTML
  [1m[35m (0.7ms)[0m  SELECT COUNT(*) FROM "questions"
  [1m[36mQuestion Load (0.3ms)[0m  [1mSELECT "questions".* FROM "questions"[0m
  Rendered questions/index.html.erb within layouts/application (11.9ms)
Completed 200 OK in 93ms (Views: 84.2ms | ActiveRecord: 5.8ms)


Started GET "/assets/foundation_and_overrides.self-7411fe550fde28faf112a054b1f3d3541a45d56fd2a518294549975f522e2b94.css?body=1" for ::1 at 2015-06-22 14:26:19 -0400


Started GET "/assets/application.self-167193cd81d9330d9ddb5c4ec7b44214fea529aa8a94f3a86e6526e4f652fc02.css?body=1" for ::1 at 2015-06-22 14:26:19 -0400


Started GET "/assets/jquery.self-d03a5518f45df77341bdbe6201ba3bfa547ebba8ed64f0ea56bfa5f96ea7c074.js?body=1" for ::1 at 2015-06-22 14:26:19 -0400


Started GET "/assets/foundation/foundation.abide.self-f8b56c707a79139807305a5f7efc2aaa0848f0c677abcc056496f507e0192b79.js?body=1" for ::1 at 2015-06-22 14:26:19 -0400


Started GET "/assets/foundation/foundation.self-ee5396739ce46beb039f26ea629172a74143752d74f703c6c3b219fc52aecf73.js?body=1" for ::1 at 2015-06-22 14:26:19 -0400


Started GET "/assets/jquery_ujs.self-ca5248a2fad13d6bd58ea121318d642f195f0b2dd818b30615f785ff365e8d1f.js?body=1" for ::1 at 2015-06-22 14:26:19 -0400


Started GET "/assets/foundation/foundation.accordion.self-d55abdcb0a7a29512be2f31f63d418cc8cc4505a0a3c71946d25484b0a0b3f4e.js?body=1" for ::1 at 2015-06-22 14:26:19 -0400


Started GET "/assets/foundation/foundation.alert.self-fbde7afb61e8ffd8ab9b717f0bed1e58cb9e0144a25cc773fea634d5554f62cd.js?body=1" for ::1 at 2015-06-22 14:26:19 -0400


Started GET "/assets/foundation/foundation.clearing.self-54610737b435a97590fcb176848c3c7a44c4d55d369894260fa7c28c97a70a23.js?body=1" for ::1 at 2015-06-22 14:26:19 -0400


Started GET "/assets/foundation/foundation.dropdown.self-c9ee29909e266373e5e814a73fc6ea062245ddd29466d35d232448f73350d78a.js?body=1" for ::1 at 2015-06-22 14:26:19 -0400


Started GET "/assets/foundation/foundation.equalizer.self-7aa743bf4660deb2fb2f601c112806a1703c430067531da3f41e4afffe19fee9.js?body=1" for ::1 at 2015-06-22 14:26:19 -0400


Started GET "/assets/foundation/foundation.interchange.self-dad8415355087cb21a16fa44bac20d602344d52de5aca9e588e3588fce5dd5a7.js?body=1" for ::1 at 2015-06-22 14:26:19 -0400


Started GET "/assets/foundation/foundation.joyride.self-0a5271728699423f583dd5b3b8a11bfe0dc9fb5044446bcf3218ef8ca906a82d.js?body=1" for ::1 at 2015-06-22 14:26:19 -0400


Started GET "/assets/foundation/foundation.magellan.self-a50193f172f11e57b373c3001072ba2d6b34b857ab251e9ded30af5242855687.js?body=1" for ::1 at 2015-06-22 14:26:19 -0400


Started GET "/assets/foundation/foundation.offcanvas.self-75bffd0c7f4f0d2992ab95f0cc6959282ebb5807da70123d40c01d76e230ec88.js?body=1" for ::1 at 2015-06-22 14:26:19 -0400


Started GET "/assets/foundation/foundation.orbit.self-f8d30eb1717c874db26723f9e07901ec0a325d59263f1404ee83a616bb597ad2.js?body=1" for ::1 at 2015-06-22 14:26:19 -0400


Started GET "/assets/foundation/foundation.reveal.self-95f01feb3e25e47b58b78da0021ae2fffafdee70846682067c180e0e10f7b095.js?body=1" for ::1 at 2015-06-22 14:26:19 -0400


Started GET "/assets/foundation/foundation.slider.self-8911a7352cb577b6b7973b0734d57d2b624c79286558ffa36fcac0c29b2d0bee.js?body=1" for ::1 at 2015-06-22 14:26:19 -0400


Started GET "/assets/foundation/foundation.tab.self-9bf6791513d1b20e213bb1aee3df0bc17128c7e18421258dc68a2a4ccabe1647.js?body=1" for ::1 at 2015-06-22 14:26:19 -0400


Started GET "/assets/foundation/foundation.tooltip.self-834156796c253580629cfffc720bdc3d191b1e5a5a6ddbc1102ecd08c876516c.js?body=1" for ::1 at 2015-06-22 14:26:19 -0400


Started GET "/assets/foundation/foundation.topbar.self-105416f061562f07c6a0a8057d68282fdc1eeb5dc306713fcae6c9a53001fc55.js?body=1" for ::1 at 2015-06-22 14:26:19 -0400


Started GET "/assets/foundation.self-abe4ee7a105042f73b12b1f1a28788522d2f253445a475a94ab4d6e1f7b0ec52.js?body=1" for ::1 at 2015-06-22 14:26:19 -0400


Started GET "/assets/application.self-1509cb3433bf7f60a75710bd4d8561d25423676b3c4d4a21914940bf07b8869a.js?body=1" for ::1 at 2015-06-22 14:26:19 -0400


Started GET "/" for ::1 at 2015-06-22 14:26:39 -0400
Processing by QuestionsController#index as HTML
  [1m[35m (0.6ms)[0m  SELECT COUNT(*) FROM "questions"
  [1m[36mQuestion Load (0.5ms)[0m  [1mSELECT "questions".* FROM "questions"[0m
  Rendered questions/index.html.erb within layouts/application (3.7ms)
Completed 200 OK in 74ms (Views: 72.8ms | ActiveRecord: 1.0ms)


Started GET "/assets/application.self-167193cd81d9330d9ddb5c4ec7b44214fea529aa8a94f3a86e6526e4f652fc02.css?body=1" for ::1 at 2015-06-22 14:26:39 -0400


Started GET "/assets/foundation_and_overrides.self-7411fe550fde28faf112a054b1f3d3541a45d56fd2a518294549975f522e2b94.css?body=1" for ::1 at 2015-06-22 14:26:39 -0400


Started GET "/assets/jquery_ujs.self-ca5248a2fad13d6bd58ea121318d642f195f0b2dd818b30615f785ff365e8d1f.js?body=1" for ::1 at 2015-06-22 14:26:39 -0400


Started GET "/assets/jquery.self-d03a5518f45df77341bdbe6201ba3bfa547ebba8ed64f0ea56bfa5f96ea7c074.js?body=1" for ::1 at 2015-06-22 14:26:39 -0400


Started GET "/assets/foundation/foundation.self-ee5396739ce46beb039f26ea629172a74143752d74f703c6c3b219fc52aecf73.js?body=1" for ::1 at 2015-06-22 14:26:39 -0400


Started GET "/assets/foundation/foundation.abide.self-f8b56c707a79139807305a5f7efc2aaa0848f0c677abcc056496f507e0192b79.js?body=1" for ::1 at 2015-06-22 14:26:39 -0400


Started GET "/assets/foundation/foundation.accordion.self-d55abdcb0a7a29512be2f31f63d418cc8cc4505a0a3c71946d25484b0a0b3f4e.js?body=1" for ::1 at 2015-06-22 14:26:39 -0400


Started GET "/assets/foundation/foundation.alert.self-fbde7afb61e8ffd8ab9b717f0bed1e58cb9e0144a25cc773fea634d5554f62cd.js?body=1" for ::1 at 2015-06-22 14:26:39 -0400


Started GET "/assets/foundation/foundation.clearing.self-54610737b435a97590fcb176848c3c7a44c4d55d369894260fa7c28c97a70a23.js?body=1" for ::1 at 2015-06-22 14:26:39 -0400


Started GET "/assets/foundation/foundation.dropdown.self-c9ee29909e266373e5e814a73fc6ea062245ddd29466d35d232448f73350d78a.js?body=1" for ::1 at 2015-06-22 14:26:39 -0400


Started GET "/assets/foundation/foundation.equalizer.self-7aa743bf4660deb2fb2f601c112806a1703c430067531da3f41e4afffe19fee9.js?body=1" for ::1 at 2015-06-22 14:26:39 -0400


Started GET "/assets/foundation/foundation.interchange.self-dad8415355087cb21a16fa44bac20d602344d52de5aca9e588e3588fce5dd5a7.js?body=1" for ::1 at 2015-06-22 14:26:39 -0400


Started GET "/assets/foundation/foundation.joyride.self-0a5271728699423f583dd5b3b8a11bfe0dc9fb5044446bcf3218ef8ca906a82d.js?body=1" for ::1 at 2015-06-22 14:26:39 -0400


Started GET "/assets/foundation/foundation.magellan.self-a50193f172f11e57b373c3001072ba2d6b34b857ab251e9ded30af5242855687.js?body=1" for ::1 at 2015-06-22 14:26:39 -0400


Started GET "/assets/foundation/foundation.offcanvas.self-75bffd0c7f4f0d2992ab95f0cc6959282ebb5807da70123d40c01d76e230ec88.js?body=1" for ::1 at 2015-06-22 14:26:39 -0400


Started GET "/assets/foundation/foundation.orbit.self-f8d30eb1717c874db26723f9e07901ec0a325d59263f1404ee83a616bb597ad2.js?body=1" for ::1 at 2015-06-22 14:26:39 -0400


Started GET "/assets/foundation/foundation.reveal.self-95f01feb3e25e47b58b78da0021ae2fffafdee70846682067c180e0e10f7b095.js?body=1" for ::1 at 2015-06-22 14:26:39 -0400


Started GET "/assets/foundation/foundation.slider.self-8911a7352cb577b6b7973b0734d57d2b624c79286558ffa36fcac0c29b2d0bee.js?body=1" for ::1 at 2015-06-22 14:26:39 -0400


Started GET "/assets/foundation/foundation.tab.self-9bf6791513d1b20e213bb1aee3df0bc17128c7e18421258dc68a2a4ccabe1647.js?body=1" for ::1 at 2015-06-22 14:26:39 -0400


Started GET "/assets/foundation/foundation.tooltip.self-834156796c253580629cfffc720bdc3d191b1e5a5a6ddbc1102ecd08c876516c.js?body=1" for ::1 at 2015-06-22 14:26:39 -0400


Started GET "/assets/foundation/foundation.topbar.self-105416f061562f07c6a0a8057d68282fdc1eeb5dc306713fcae6c9a53001fc55.js?body=1" for ::1 at 2015-06-22 14:26:39 -0400


Started GET "/assets/foundation.self-abe4ee7a105042f73b12b1f1a28788522d2f253445a475a94ab4d6e1f7b0ec52.js?body=1" for ::1 at 2015-06-22 14:26:39 -0400


Started GET "/assets/application.self-1509cb3433bf7f60a75710bd4d8561d25423676b3c4d4a21914940bf07b8869a.js?body=1" for ::1 at 2015-06-22 14:26:39 -0400


Started GET "/" for ::1 at 2015-06-22 14:26:53 -0400
Processing by QuestionsController#index as HTML
  [1m[35m (0.4ms)[0m  SELECT COUNT(*) FROM "questions"
  [1m[36mQuestion Load (0.3ms)[0m  [1mSELECT "questions".* FROM "questions"[0m
  Rendered questions/index.html.erb within layouts/application (2.9ms)
Completed 200 OK in 76ms (Views: 75.1ms | ActiveRecord: 0.8ms)


Started GET "/assets/foundation_and_overrides.self-7411fe550fde28faf112a054b1f3d3541a45d56fd2a518294549975f522e2b94.css?body=1" for ::1 at 2015-06-22 14:26:53 -0400


Started GET "/assets/application.self-167193cd81d9330d9ddb5c4ec7b44214fea529aa8a94f3a86e6526e4f652fc02.css?body=1" for ::1 at 2015-06-22 14:26:53 -0400


Started GET "/assets/foundation/foundation.self-ee5396739ce46beb039f26ea629172a74143752d74f703c6c3b219fc52aecf73.js?body=1" for ::1 at 2015-06-22 14:26:53 -0400


Started GET "/assets/jquery_ujs.self-ca5248a2fad13d6bd58ea121318d642f195f0b2dd818b30615f785ff365e8d1f.js?body=1" for ::1 at 2015-06-22 14:26:53 -0400


Started GET "/assets/foundation/foundation.abide.self-f8b56c707a79139807305a5f7efc2aaa0848f0c677abcc056496f507e0192b79.js?body=1" for ::1 at 2015-06-22 14:26:53 -0400


Started GET "/assets/jquery.self-d03a5518f45df77341bdbe6201ba3bfa547ebba8ed64f0ea56bfa5f96ea7c074.js?body=1" for ::1 at 2015-06-22 14:26:53 -0400


Started GET "/assets/foundation/foundation.accordion.self-d55abdcb0a7a29512be2f31f63d418cc8cc4505a0a3c71946d25484b0a0b3f4e.js?body=1" for ::1 at 2015-06-22 14:26:53 -0400


Started GET "/assets/foundation/foundation.alert.self-fbde7afb61e8ffd8ab9b717f0bed1e58cb9e0144a25cc773fea634d5554f62cd.js?body=1" for ::1 at 2015-06-22 14:26:53 -0400


Started GET "/assets/foundation/foundation.clearing.self-54610737b435a97590fcb176848c3c7a44c4d55d369894260fa7c28c97a70a23.js?body=1" for ::1 at 2015-06-22 14:26:53 -0400


Started GET "/assets/foundation/foundation.dropdown.self-c9ee29909e266373e5e814a73fc6ea062245ddd29466d35d232448f73350d78a.js?body=1" for ::1 at 2015-06-22 14:26:53 -0400


Started GET "/assets/foundation/foundation.equalizer.self-7aa743bf4660deb2fb2f601c112806a1703c430067531da3f41e4afffe19fee9.js?body=1" for ::1 at 2015-06-22 14:26:53 -0400


Started GET "/assets/foundation/foundation.interchange.self-dad8415355087cb21a16fa44bac20d602344d52de5aca9e588e3588fce5dd5a7.js?body=1" for ::1 at 2015-06-22 14:26:53 -0400


Started GET "/assets/foundation/foundation.joyride.self-0a5271728699423f583dd5b3b8a11bfe0dc9fb5044446bcf3218ef8ca906a82d.js?body=1" for ::1 at 2015-06-22 14:26:53 -0400


Started GET "/assets/foundation/foundation.magellan.self-a50193f172f11e57b373c3001072ba2d6b34b857ab251e9ded30af5242855687.js?body=1" for ::1 at 2015-06-22 14:26:53 -0400


Started GET "/assets/foundation/foundation.offcanvas.self-75bffd0c7f4f0d2992ab95f0cc6959282ebb5807da70123d40c01d76e230ec88.js?body=1" for ::1 at 2015-06-22 14:26:53 -0400


Started GET "/assets/foundation/foundation.orbit.self-f8d30eb1717c874db26723f9e07901ec0a325d59263f1404ee83a616bb597ad2.js?body=1" for ::1 at 2015-06-22 14:26:53 -0400


Started GET "/assets/foundation/foundation.reveal.self-95f01feb3e25e47b58b78da0021ae2fffafdee70846682067c180e0e10f7b095.js?body=1" for ::1 at 2015-06-22 14:26:53 -0400


Started GET "/assets/foundation/foundation.slider.self-8911a7352cb577b6b7973b0734d57d2b624c79286558ffa36fcac0c29b2d0bee.js?body=1" for ::1 at 2015-06-22 14:26:53 -0400


Started GET "/assets/foundation/foundation.tab.self-9bf6791513d1b20e213bb1aee3df0bc17128c7e18421258dc68a2a4ccabe1647.js?body=1" for ::1 at 2015-06-22 14:26:53 -0400


Started GET "/assets/foundation/foundation.tooltip.self-834156796c253580629cfffc720bdc3d191b1e5a5a6ddbc1102ecd08c876516c.js?body=1" for ::1 at 2015-06-22 14:26:53 -0400


Started GET "/assets/foundation/foundation.topbar.self-105416f061562f07c6a0a8057d68282fdc1eeb5dc306713fcae6c9a53001fc55.js?body=1" for ::1 at 2015-06-22 14:26:53 -0400


Started GET "/assets/foundation.self-abe4ee7a105042f73b12b1f1a28788522d2f253445a475a94ab4d6e1f7b0ec52.js?body=1" for ::1 at 2015-06-22 14:26:53 -0400


Started GET "/assets/application.self-1509cb3433bf7f60a75710bd4d8561d25423676b3c4d4a21914940bf07b8869a.js?body=1" for ::1 at 2015-06-22 14:26:53 -0400


Started GET "/" for ::1 at 2015-06-22 14:27:35 -0400
Processing by QuestionsController#index as HTML
  [1m[35m (0.4ms)[0m  SELECT COUNT(*) FROM "questions"
  [1m[36mQuestion Load (0.4ms)[0m  [1mSELECT "questions".* FROM "questions"[0m
  Rendered questions/index.html.erb within layouts/application (1.8ms)
Completed 200 OK in 157ms (Views: 155.6ms | ActiveRecord: 0.7ms)


Started GET "/assets/foundation_and_overrides.self-7411fe550fde28faf112a054b1f3d3541a45d56fd2a518294549975f522e2b94.css?body=1" for ::1 at 2015-06-22 14:27:36 -0400


Started GET "/assets/jquery_ujs.self-ca5248a2fad13d6bd58ea121318d642f195f0b2dd818b30615f785ff365e8d1f.js?body=1" for ::1 at 2015-06-22 14:27:36 -0400


Started GET "/assets/foundation/foundation.abide.self-f8b56c707a79139807305a5f7efc2aaa0848f0c677abcc056496f507e0192b79.js?body=1" for ::1 at 2015-06-22 14:27:36 -0400


Started GET "/assets/foundation/foundation.self-ee5396739ce46beb039f26ea629172a74143752d74f703c6c3b219fc52aecf73.js?body=1" for ::1 at 2015-06-22 14:27:36 -0400


Started GET "/assets/application.self-167193cd81d9330d9ddb5c4ec7b44214fea529aa8a94f3a86e6526e4f652fc02.css?body=1" for ::1 at 2015-06-22 14:27:36 -0400


Started GET "/assets/jquery.self-d03a5518f45df77341bdbe6201ba3bfa547ebba8ed64f0ea56bfa5f96ea7c074.js?body=1" for ::1 at 2015-06-22 14:27:36 -0400


Started GET "/assets/foundation/foundation.accordion.self-d55abdcb0a7a29512be2f31f63d418cc8cc4505a0a3c71946d25484b0a0b3f4e.js?body=1" for ::1 at 2015-06-22 14:27:36 -0400


Started GET "/assets/foundation/foundation.alert.self-fbde7afb61e8ffd8ab9b717f0bed1e58cb9e0144a25cc773fea634d5554f62cd.js?body=1" for ::1 at 2015-06-22 14:27:36 -0400


Started GET "/assets/foundation/foundation.clearing.self-54610737b435a97590fcb176848c3c7a44c4d55d369894260fa7c28c97a70a23.js?body=1" for ::1 at 2015-06-22 14:27:36 -0400


Started GET "/assets/foundation/foundation.dropdown.self-c9ee29909e266373e5e814a73fc6ea062245ddd29466d35d232448f73350d78a.js?body=1" for ::1 at 2015-06-22 14:27:36 -0400


Started GET "/assets/foundation/foundation.equalizer.self-7aa743bf4660deb2fb2f601c112806a1703c430067531da3f41e4afffe19fee9.js?body=1" for ::1 at 2015-06-22 14:27:36 -0400


Started GET "/assets/foundation/foundation.interchange.self-dad8415355087cb21a16fa44bac20d602344d52de5aca9e588e3588fce5dd5a7.js?body=1" for ::1 at 2015-06-22 14:27:36 -0400


Started GET "/assets/foundation/foundation.magellan.self-a50193f172f11e57b373c3001072ba2d6b34b857ab251e9ded30af5242855687.js?body=1" for ::1 at 2015-06-22 14:27:36 -0400


Started GET "/assets/foundation/foundation.joyride.self-0a5271728699423f583dd5b3b8a11bfe0dc9fb5044446bcf3218ef8ca906a82d.js?body=1" for ::1 at 2015-06-22 14:27:36 -0400


Started GET "/assets/foundation/foundation.offcanvas.self-75bffd0c7f4f0d2992ab95f0cc6959282ebb5807da70123d40c01d76e230ec88.js?body=1" for ::1 at 2015-06-22 14:27:36 -0400


Started GET "/assets/foundation/foundation.orbit.self-f8d30eb1717c874db26723f9e07901ec0a325d59263f1404ee83a616bb597ad2.js?body=1" for ::1 at 2015-06-22 14:27:36 -0400


Started GET "/assets/foundation/foundation.reveal.self-95f01feb3e25e47b58b78da0021ae2fffafdee70846682067c180e0e10f7b095.js?body=1" for ::1 at 2015-06-22 14:27:36 -0400


Started GET "/assets/foundation/foundation.slider.self-8911a7352cb577b6b7973b0734d57d2b624c79286558ffa36fcac0c29b2d0bee.js?body=1" for ::1 at 2015-06-22 14:27:36 -0400


Started GET "/assets/foundation/foundation.tab.self-9bf6791513d1b20e213bb1aee3df0bc17128c7e18421258dc68a2a4ccabe1647.js?body=1" for ::1 at 2015-06-22 14:27:36 -0400


Started GET "/assets/foundation/foundation.tooltip.self-834156796c253580629cfffc720bdc3d191b1e5a5a6ddbc1102ecd08c876516c.js?body=1" for ::1 at 2015-06-22 14:27:36 -0400


Started GET "/assets/foundation/foundation.topbar.self-105416f061562f07c6a0a8057d68282fdc1eeb5dc306713fcae6c9a53001fc55.js?body=1" for ::1 at 2015-06-22 14:27:36 -0400


Started GET "/assets/foundation.self-abe4ee7a105042f73b12b1f1a28788522d2f253445a475a94ab4d6e1f7b0ec52.js?body=1" for ::1 at 2015-06-22 14:27:36 -0400


Started GET "/assets/application.self-1509cb3433bf7f60a75710bd4d8561d25423676b3c4d4a21914940bf07b8869a.js?body=1" for ::1 at 2015-06-22 14:27:36 -0400


Started GET "/" for ::1 at 2015-06-22 14:28:10 -0400
  [1m[36mActiveRecord::SchemaMigration Load (0.6ms)[0m  [1mSELECT "schema_migrations".* FROM "schema_migrations"[0m
Processing by QuestionsController#index as HTML
  [1m[35m (0.7ms)[0m  SELECT COUNT(*) FROM "questions"
  [1m[36mQuestion Load (0.3ms)[0m  [1mSELECT "questions".* FROM "questions"[0m
  Rendered questions/index.html.erb within layouts/application (12.7ms)
Completed 200 OK in 485ms (Views: 476.0ms | ActiveRecord: 5.6ms)


Started GET "/assets/foundation_and_overrides.self-7411fe550fde28faf112a054b1f3d3541a45d56fd2a518294549975f522e2b94.css?body=1" for ::1 at 2015-06-22 14:28:11 -0400


Started GET "/assets/jquery_ujs.self-ca5248a2fad13d6bd58ea121318d642f195f0b2dd818b30615f785ff365e8d1f.js?body=1" for ::1 at 2015-06-22 14:28:11 -0400


Started GET "/assets/foundation/foundation.self-ee5396739ce46beb039f26ea629172a74143752d74f703c6c3b219fc52aecf73.js?body=1" for ::1 at 2015-06-22 14:28:11 -0400


Started GET "/assets/jquery.self-d03a5518f45df77341bdbe6201ba3bfa547ebba8ed64f0ea56bfa5f96ea7c074.js?body=1" for ::1 at 2015-06-22 14:28:11 -0400


Started GET "/assets/application.self-167193cd81d9330d9ddb5c4ec7b44214fea529aa8a94f3a86e6526e4f652fc02.css?body=1" for ::1 at 2015-06-22 14:28:11 -0400


Started GET "/assets/foundation/foundation.abide.self-f8b56c707a79139807305a5f7efc2aaa0848f0c677abcc056496f507e0192b79.js?body=1" for ::1 at 2015-06-22 14:28:11 -0400


Started GET "/assets/foundation/foundation.accordion.self-d55abdcb0a7a29512be2f31f63d418cc8cc4505a0a3c71946d25484b0a0b3f4e.js?body=1" for ::1 at 2015-06-22 14:28:11 -0400


Started GET "/assets/foundation/foundation.alert.self-fbde7afb61e8ffd8ab9b717f0bed1e58cb9e0144a25cc773fea634d5554f62cd.js?body=1" for ::1 at 2015-06-22 14:28:11 -0400


Started GET "/assets/foundation/foundation.clearing.self-54610737b435a97590fcb176848c3c7a44c4d55d369894260fa7c28c97a70a23.js?body=1" for ::1 at 2015-06-22 14:28:11 -0400


Started GET "/assets/foundation/foundation.dropdown.self-c9ee29909e266373e5e814a73fc6ea062245ddd29466d35d232448f73350d78a.js?body=1" for ::1 at 2015-06-22 14:28:11 -0400


Started GET "/assets/foundation/foundation.equalizer.self-7aa743bf4660deb2fb2f601c112806a1703c430067531da3f41e4afffe19fee9.js?body=1" for ::1 at 2015-06-22 14:28:11 -0400


Started GET "/assets/foundation/foundation.interchange.self-dad8415355087cb21a16fa44bac20d602344d52de5aca9e588e3588fce5dd5a7.js?body=1" for ::1 at 2015-06-22 14:28:11 -0400


Started GET "/assets/foundation/foundation.joyride.self-0a5271728699423f583dd5b3b8a11bfe0dc9fb5044446bcf3218ef8ca906a82d.js?body=1" for ::1 at 2015-06-22 14:28:11 -0400


Started GET "/assets/foundation/foundation.magellan.self-a50193f172f11e57b373c3001072ba2d6b34b857ab251e9ded30af5242855687.js?body=1" for ::1 at 2015-06-22 14:28:11 -0400


Started GET "/assets/foundation/foundation.offcanvas.self-75bffd0c7f4f0d2992ab95f0cc6959282ebb5807da70123d40c01d76e230ec88.js?body=1" for ::1 at 2015-06-22 14:28:11 -0400


Started GET "/assets/foundation/foundation.orbit.self-f8d30eb1717c874db26723f9e07901ec0a325d59263f1404ee83a616bb597ad2.js?body=1" for ::1 at 2015-06-22 14:28:11 -0400


Started GET "/assets/foundation/foundation.reveal.self-95f01feb3e25e47b58b78da0021ae2fffafdee70846682067c180e0e10f7b095.js?body=1" for ::1 at 2015-06-22 14:28:11 -0400


Started GET "/assets/foundation/foundation.slider.self-8911a7352cb577b6b7973b0734d57d2b624c79286558ffa36fcac0c29b2d0bee.js?body=1" for ::1 at 2015-06-22 14:28:11 -0400


Started GET "/assets/foundation/foundation.tab.self-9bf6791513d1b20e213bb1aee3df0bc17128c7e18421258dc68a2a4ccabe1647.js?body=1" for ::1 at 2015-06-22 14:28:11 -0400


Started GET "/assets/foundation/foundation.tooltip.self-834156796c253580629cfffc720bdc3d191b1e5a5a6ddbc1102ecd08c876516c.js?body=1" for ::1 at 2015-06-22 14:28:11 -0400


Started GET "/assets/foundation/foundation.topbar.self-105416f061562f07c6a0a8057d68282fdc1eeb5dc306713fcae6c9a53001fc55.js?body=1" for ::1 at 2015-06-22 14:28:11 -0400


Started GET "/assets/foundation.self-abe4ee7a105042f73b12b1f1a28788522d2f253445a475a94ab4d6e1f7b0ec52.js?body=1" for ::1 at 2015-06-22 14:28:11 -0400


Started GET "/assets/application.self-1509cb3433bf7f60a75710bd4d8561d25423676b3c4d4a21914940bf07b8869a.js?body=1" for ::1 at 2015-06-22 14:28:11 -0400
  [1m[36m (0.2ms)[0m  [1mBEGIN[0m
  [1m[35mQuestion Exists (1.5ms)[0m  SELECT  1 AS one FROM "questions" WHERE "questions"."title" = 'Need a title that is longer than 40 characters - ID 1' LIMIT 1
  [1m[36mQuestion Exists (0.5ms)[0m  [1mSELECT  1 AS one FROM "questions" WHERE "questions"."description" = 'I need a really long description that reaches 150 characters.  I need a really long description that reaches 150 characters.  I need a really long description that reaches 150 characters.  I need a really long description that reaches 150 characters.  I need a really long description that reaches 150 characters.  I need a really long description that reaches 150 characters.' LIMIT 1[0m
  [1m[35mSQL (0.8ms)[0m  INSERT INTO "questions" ("title", "description") VALUES ($1, $2) RETURNING "id"  [["title", "Need a title that is longer than 40 characters - ID 1"], ["description", "I need a really long description that reaches 150 characters.  I need a really long description that reaches 150 characters.  I need a really long description that reaches 150 characters.  I need a really long description that reaches 150 characters.  I need a really long description that reaches 150 characters.  I need a really long description that reaches 150 characters."]]
  [1m[36m (0.6ms)[0m  [1mCOMMIT[0m
  [1m[35m (0.3ms)[0m  BEGIN
  [1m[36mQuestion Exists (0.5ms)[0m  [1mSELECT  1 AS one FROM "questions" WHERE "questions"."title" = 'Need a title that is longer than 40 characters - ID 2' LIMIT 1[0m
  [1m[35mQuestion Exists (0.6ms)[0m  SELECT  1 AS one FROM "questions" WHERE "questions"."description" = 'I need a really long description that reaches 150 characters.  I need a really long description that reaches 150 characters.  I need a really long description that reaches 150 characters.  I need a really long description that reaches 150 characters.  I need a really long description that reaches 150 characters.  I need a really long description that reaches 150 characters.' LIMIT 1
  [1m[36m (0.3ms)[0m  [1mROLLBACK[0m
  [1m[35m (0.3ms)[0m  BEGIN
  [1m[36mQuestion Exists (0.4ms)[0m  [1mSELECT  1 AS one FROM "questions" WHERE "questions"."title" = 'Need a title that is longer than 40 characters - ID 2' LIMIT 1[0m
  [1m[35mQuestion Exists (0.4ms)[0m  SELECT  1 AS one FROM "questions" WHERE "questions"."description" = 'I need a really long description that reaches 150 characters.  I need a really long description that reaches 150 characters.  I need a really long description that reaches 150 characters.  I need a really long description that reaches 150 characters.  I need a really long description that reaches 150 characters.  I need a really long description that reaches 150 characters. THIS IS DIFFERENT!' LIMIT 1
  [1m[36mSQL (0.4ms)[0m  [1mINSERT INTO "questions" ("title", "description") VALUES ($1, $2) RETURNING "id"[0m  [["title", "Need a title that is longer than 40 characters - ID 2"], ["description", "I need a really long description that reaches 150 characters.  I need a really long description that reaches 150 characters.  I need a really long description that reaches 150 characters.  I need a really long description that reaches 150 characters.  I need a really long description that reaches 150 characters.  I need a really long description that reaches 150 characters. THIS IS DIFFERENT!"]]
  [1m[35m (1.0ms)[0m  COMMIT
  [1m[36m (1.0ms)[0m  [1mSELECT COUNT(*) FROM "questions"[0m
  [1m[35mQuestion Load (1.2ms)[0m  SELECT "questions".* FROM "questions"  ORDER BY "questions"."id" ASC
  [1m[36mQuestion Load (0.7ms)[0m  [1mSELECT "questions".* FROM "questions"  ORDER BY "questions"."id" ASC[0m
  [1m[35mQuestion Load (0.7ms)[0m  SELECT "questions".* FROM "questions"  ORDER BY "questions"."id" ASC
  [1m[36mQuestion Load (0.8ms)[0m  [1mSELECT "questions".* FROM "questions"  ORDER BY "questions"."id" DESC[0m


Started GET "/" for ::1 at 2015-06-22 16:40:59 -0400
Processing by QuestionsController#index as HTML
  [1m[35m (0.7ms)[0m  SELECT COUNT(*) FROM "questions"
  [1m[36mQuestion Load (1.3ms)[0m  [1mSELECT "questions".* FROM "questions"  ORDER BY "questions"."id" DESC[0m
  Rendered questions/index.html.erb within layouts/application (32.8ms)
Completed 200 OK in 329ms (Views: 315.1ms | ActiveRecord: 8.6ms)


Started GET "/assets/foundation_and_overrides.self-7411fe550fde28faf112a054b1f3d3541a45d56fd2a518294549975f522e2b94.css?body=1" for ::1 at 2015-06-22 16:41:00 -0400


Started GET "/assets/application.self-167193cd81d9330d9ddb5c4ec7b44214fea529aa8a94f3a86e6526e4f652fc02.css?body=1" for ::1 at 2015-06-22 16:41:00 -0400


Started GET "/assets/jquery_ujs.self-ca5248a2fad13d6bd58ea121318d642f195f0b2dd818b30615f785ff365e8d1f.js?body=1" for ::1 at 2015-06-22 16:41:00 -0400


Started GET "/assets/foundation/foundation.abide.self-f8b56c707a79139807305a5f7efc2aaa0848f0c677abcc056496f507e0192b79.js?body=1" for ::1 at 2015-06-22 16:41:00 -0400


Started GET "/assets/jquery.self-d03a5518f45df77341bdbe6201ba3bfa547ebba8ed64f0ea56bfa5f96ea7c074.js?body=1" for ::1 at 2015-06-22 16:41:00 -0400


Started GET "/assets/foundation/foundation.self-ee5396739ce46beb039f26ea629172a74143752d74f703c6c3b219fc52aecf73.js?body=1" for ::1 at 2015-06-22 16:41:00 -0400


Started GET "/assets/foundation/foundation.accordion.self-d55abdcb0a7a29512be2f31f63d418cc8cc4505a0a3c71946d25484b0a0b3f4e.js?body=1" for ::1 at 2015-06-22 16:41:00 -0400


Started GET "/assets/foundation/foundation.alert.self-fbde7afb61e8ffd8ab9b717f0bed1e58cb9e0144a25cc773fea634d5554f62cd.js?body=1" for ::1 at 2015-06-22 16:41:00 -0400


Started GET "/assets/foundation/foundation.clearing.self-54610737b435a97590fcb176848c3c7a44c4d55d369894260fa7c28c97a70a23.js?body=1" for ::1 at 2015-06-22 16:41:00 -0400


Started GET "/assets/foundation/foundation.dropdown.self-c9ee29909e266373e5e814a73fc6ea062245ddd29466d35d232448f73350d78a.js?body=1" for ::1 at 2015-06-22 16:41:00 -0400


Started GET "/assets/foundation/foundation.equalizer.self-7aa743bf4660deb2fb2f601c112806a1703c430067531da3f41e4afffe19fee9.js?body=1" for ::1 at 2015-06-22 16:41:00 -0400


Started GET "/assets/foundation/foundation.interchange.self-dad8415355087cb21a16fa44bac20d602344d52de5aca9e588e3588fce5dd5a7.js?body=1" for ::1 at 2015-06-22 16:41:00 -0400


Started GET "/assets/foundation/foundation.joyride.self-0a5271728699423f583dd5b3b8a11bfe0dc9fb5044446bcf3218ef8ca906a82d.js?body=1" for ::1 at 2015-06-22 16:41:00 -0400


Started GET "/assets/foundation/foundation.magellan.self-a50193f172f11e57b373c3001072ba2d6b34b857ab251e9ded30af5242855687.js?body=1" for ::1 at 2015-06-22 16:41:00 -0400


Started GET "/assets/foundation/foundation.offcanvas.self-75bffd0c7f4f0d2992ab95f0cc6959282ebb5807da70123d40c01d76e230ec88.js?body=1" for ::1 at 2015-06-22 16:41:00 -0400


Started GET "/assets/foundation/foundation.orbit.self-f8d30eb1717c874db26723f9e07901ec0a325d59263f1404ee83a616bb597ad2.js?body=1" for ::1 at 2015-06-22 16:41:00 -0400


Started GET "/assets/foundation/foundation.reveal.self-95f01feb3e25e47b58b78da0021ae2fffafdee70846682067c180e0e10f7b095.js?body=1" for ::1 at 2015-06-22 16:41:00 -0400


Started GET "/assets/foundation/foundation.slider.self-8911a7352cb577b6b7973b0734d57d2b624c79286558ffa36fcac0c29b2d0bee.js?body=1" for ::1 at 2015-06-22 16:41:00 -0400


Started GET "/assets/foundation/foundation.tab.self-9bf6791513d1b20e213bb1aee3df0bc17128c7e18421258dc68a2a4ccabe1647.js?body=1" for ::1 at 2015-06-22 16:41:00 -0400


Started GET "/assets/foundation/foundation.tooltip.self-834156796c253580629cfffc720bdc3d191b1e5a5a6ddbc1102ecd08c876516c.js?body=1" for ::1 at 2015-06-22 16:41:00 -0400


Started GET "/assets/foundation/foundation.topbar.self-105416f061562f07c6a0a8057d68282fdc1eeb5dc306713fcae6c9a53001fc55.js?body=1" for ::1 at 2015-06-22 16:41:00 -0400


Started GET "/assets/foundation.self-abe4ee7a105042f73b12b1f1a28788522d2f253445a475a94ab4d6e1f7b0ec52.js?body=1" for ::1 at 2015-06-22 16:41:00 -0400


Started GET "/assets/application.self-1509cb3433bf7f60a75710bd4d8561d25423676b3c4d4a21914940bf07b8869a.js?body=1" for ::1 at 2015-06-22 16:41:00 -0400


Started GET "/questions/3" for ::1 at 2015-06-22 16:41:13 -0400

AbstractController::ActionNotFound (The action 'show' could not be found for QuestionsController):
  actionpack (4.2.2) lib/abstract_controller/base.rb:132:in `process'
  actionview (4.2.2) lib/action_view/rendering.rb:30:in `process'
  actionpack (4.2.2) lib/action_controller/metal.rb:196:in `dispatch'
  actionpack (4.2.2) lib/action_controller/metal/rack_delegation.rb:13:in `dispatch'
  actionpack (4.2.2) lib/action_controller/metal.rb:237:in `block in action'
  actionpack (4.2.2) lib/action_dispatch/routing/route_set.rb:74:in `call'
  actionpack (4.2.2) lib/action_dispatch/routing/route_set.rb:74:in `dispatch'
  actionpack (4.2.2) lib/action_dispatch/routing/route_set.rb:43:in `serve'
  actionpack (4.2.2) lib/action_dispatch/journey/router.rb:43:in `block in serve'
  actionpack (4.2.2) lib/action_dispatch/journey/router.rb:30:in `each'
  actionpack (4.2.2) lib/action_dispatch/journey/router.rb:30:in `serve'
  actionpack (4.2.2) lib/action_dispatch/routing/route_set.rb:819:in `call'
  warden (1.2.3) lib/warden/manager.rb:35:in `block in call'
  warden (1.2.3) lib/warden/manager.rb:34:in `catch'
  warden (1.2.3) lib/warden/manager.rb:34:in `call'
  rack (1.6.4) lib/rack/etag.rb:24:in `call'
  rack (1.6.4) lib/rack/conditionalget.rb:25:in `call'
  rack (1.6.4) lib/rack/head.rb:13:in `call'
  actionpack (4.2.2) lib/action_dispatch/middleware/params_parser.rb:27:in `call'
  actionpack (4.2.2) lib/action_dispatch/middleware/flash.rb:260:in `call'
  rack (1.6.4) lib/rack/session/abstract/id.rb:225:in `context'
  rack (1.6.4) lib/rack/session/abstract/id.rb:220:in `call'
  actionpack (4.2.2) lib/action_dispatch/middleware/cookies.rb:560:in `call'
  activerecord (4.2.2) lib/active_record/query_cache.rb:36:in `call'
  activerecord (4.2.2) lib/active_record/connection_adapters/abstract/connection_pool.rb:649:in `call'
  activerecord (4.2.2) lib/active_record/migration.rb:378:in `call'
  actionpack (4.2.2) lib/action_dispatch/middleware/callbacks.rb:29:in `block in call'
  activesupport (4.2.2) lib/active_support/callbacks.rb:88:in `call'
  activesupport (4.2.2) lib/active_support/callbacks.rb:88:in `_run_callbacks'
  activesupport (4.2.2) lib/active_support/callbacks.rb:776:in `_run_call_callbacks'
  activesupport (4.2.2) lib/active_support/callbacks.rb:81:in `run_callbacks'
  actionpack (4.2.2) lib/action_dispatch/middleware/callbacks.rb:27:in `call'
  actionpack (4.2.2) lib/action_dispatch/middleware/reloader.rb:73:in `call'
  actionpack (4.2.2) lib/action_dispatch/middleware/remote_ip.rb:78:in `call'
  actionpack (4.2.2) lib/action_dispatch/middleware/debug_exceptions.rb:17:in `call'
  web-console (2.1.3) lib/web_console/middleware.rb:37:in `call'
  actionpack (4.2.2) lib/action_dispatch/middleware/show_exceptions.rb:30:in `call'
  railties (4.2.2) lib/rails/rack/logger.rb:38:in `call_app'
  railties (4.2.2) lib/rails/rack/logger.rb:20:in `block in call'
  activesupport (4.2.2) lib/active_support/tagged_logging.rb:68:in `block in tagged'
  activesupport (4.2.2) lib/active_support/tagged_logging.rb:26:in `tagged'
  activesupport (4.2.2) lib/active_support/tagged_logging.rb:68:in `tagged'
  railties (4.2.2) lib/rails/rack/logger.rb:20:in `call'
  actionpack (4.2.2) lib/action_dispatch/middleware/request_id.rb:21:in `call'
  rack (1.6.4) lib/rack/methodoverride.rb:22:in `call'
  rack (1.6.4) lib/rack/runtime.rb:18:in `call'
  activesupport (4.2.2) lib/active_support/cache/strategy/local_cache_middleware.rb:28:in `call'
  rack (1.6.4) lib/rack/lock.rb:17:in `call'
  actionpack (4.2.2) lib/action_dispatch/middleware/static.rb:113:in `call'
  rack (1.6.4) lib/rack/sendfile.rb:113:in `call'
  railties (4.2.2) lib/rails/engine.rb:518:in `call'
  railties (4.2.2) lib/rails/application.rb:164:in `call'
  rack (1.6.4) lib/rack/lock.rb:17:in `call'
  rack (1.6.4) lib/rack/content_length.rb:15:in `call'
  rack (1.6.4) lib/rack/handler/webrick.rb:88:in `service'
  /Users/rovaira/.rubies/ruby-2.0.0-p576/lib/ruby/2.0.0/webrick/httpserver.rb:138:in `service'
  /Users/rovaira/.rubies/ruby-2.0.0-p576/lib/ruby/2.0.0/webrick/httpserver.rb:94:in `run'
  /Users/rovaira/.rubies/ruby-2.0.0-p576/lib/ruby/2.0.0/webrick/server.rb:295:in `block in start_thread'


  Rendered /Users/rovaira/.gem/ruby/2.0.0/gems/actionpack-4.2.2/lib/action_dispatch/middleware/templates/rescues/unknown_action.html.erb within rescues/layout (0.8ms)
  Rendered /Users/rovaira/.gem/ruby/2.0.0/gems/web-console-2.1.3/lib/web_console/templates/_markup.html.erb (0.6ms)
  Rendered /Users/rovaira/.gem/ruby/2.0.0/gems/web-console-2.1.3/lib/web_console/templates/style.css.erb within layouts/inlined_string (69.5ms)
  Rendered /Users/rovaira/.gem/ruby/2.0.0/gems/web-console-2.1.3/lib/web_console/templates/_inner_console_markup.html.erb within layouts/inlined_string (0.3ms)
  Rendered /Users/rovaira/.gem/ruby/2.0.0/gems/web-console-2.1.3/lib/web_console/templates/_prompt_box_markup.html.erb within layouts/inlined_string (0.4ms)
  Rendered /Users/rovaira/.gem/ruby/2.0.0/gems/web-console-2.1.3/lib/web_console/templates/console.js.erb within layouts/javascript (88.3ms)
  Rendered /Users/rovaira/.gem/ruby/2.0.0/gems/web-console-2.1.3/lib/web_console/templates/main.js.erb within layouts/javascript (0.5ms)
  Rendered /Users/rovaira/.gem/ruby/2.0.0/gems/web-console-2.1.3/lib/web_console/templates/error_page.js.erb within layouts/javascript (0.5ms)
  Rendered /Users/rovaira/.gem/ruby/2.0.0/gems/web-console-2.1.3/lib/web_console/templates/index.html.erb (113.7ms)


Started GET "/questions/3" for ::1 at 2015-06-22 16:43:27 -0400
Processing by QuestionsController#show as HTML
  Parameters: {"id"=>"3"}
  Rendered questions/show.html.erb within layouts/application (1.2ms)
Completed 500 Internal Server Error in 4ms (ActiveRecord: 0.0ms)

SyntaxError (/Users/rovaira/challenges/rescue-mission/app/views/questions/show.html.erb:29: syntax error, unexpected keyword_ensure, expecting end-of-input):
  app/views/questions/show.html.erb:29: syntax error, unexpected keyword_ensure, expecting end-of-input


  Rendered /Users/rovaira/.gem/ruby/2.0.0/gems/actionpack-4.2.2/lib/action_dispatch/middleware/templates/rescues/_source.erb (69.3ms)
  Rendered /Users/rovaira/.gem/ruby/2.0.0/gems/actionpack-4.2.2/lib/action_dispatch/middleware/templates/rescues/_trace.html.erb (3.3ms)
  Rendered /Users/rovaira/.gem/ruby/2.0.0/gems/actionpack-4.2.2/lib/action_dispatch/middleware/templates/rescues/_request_and_response.html.erb (2.2ms)
  Rendered /Users/rovaira/.gem/ruby/2.0.0/gems/actionpack-4.2.2/lib/action_dispatch/middleware/templates/rescues/diagnostics.html.erb within rescues/layout (92.1ms)
  Rendered /Users/rovaira/.gem/ruby/2.0.0/gems/web-console-2.1.3/lib/web_console/templates/_markup.html.erb (0.6ms)
  Rendered /Users/rovaira/.gem/ruby/2.0.0/gems/web-console-2.1.3/lib/web_console/templates/style.css.erb within layouts/inlined_string (0.4ms)
  Rendered /Users/rovaira/.gem/ruby/2.0.0/gems/web-console-2.1.3/lib/web_console/templates/_inner_console_markup.html.erb within layouts/inlined_string (0.4ms)
  Rendered /Users/rovaira/.gem/ruby/2.0.0/gems/web-console-2.1.3/lib/web_console/templates/_prompt_box_markup.html.erb within layouts/inlined_string (0.4ms)
  Rendered /Users/rovaira/.gem/ruby/2.0.0/gems/web-console-2.1.3/lib/web_console/templates/console.js.erb within layouts/javascript (17.6ms)
  Rendered /Users/rovaira/.gem/ruby/2.0.0/gems/web-console-2.1.3/lib/web_console/templates/main.js.erb within layouts/javascript (0.5ms)
  Rendered /Users/rovaira/.gem/ruby/2.0.0/gems/web-console-2.1.3/lib/web_console/templates/error_page.js.erb within layouts/javascript (0.5ms)
  Rendered /Users/rovaira/.gem/ruby/2.0.0/gems/web-console-2.1.3/lib/web_console/templates/index.html.erb (38.3ms)


Started GET "/questions/3" for ::1 at 2015-06-22 16:45:48 -0400
Processing by QuestionsController#show as HTML
  Parameters: {"id"=>"3"}
  Rendered questions/show.html.erb within layouts/application (11.2ms)
Completed 500 Internal Server Error in 14ms (ActiveRecord: 0.0ms)

ActionView::Template::Error (undefined local variable or method `question' for #<#<Class:0x007fd83fe12660>:0x007fd8402ac888>):
    1: <div class="row">
    2:   <div class="large-12">
    3:     <h1><%= question.title %></h1>
    4: 
    5:     <div class="large-10 offset-2">
    6:       <%= question.description %>
  app/views/questions/show.html.erb:3:in `_app_views_questions_show_html_erb___1030112199727096449_70283383126760'


  Rendered /Users/rovaira/.gem/ruby/2.0.0/gems/actionpack-4.2.2/lib/action_dispatch/middleware/templates/rescues/_source.erb (5.6ms)
  Rendered /Users/rovaira/.gem/ruby/2.0.0/gems/actionpack-4.2.2/lib/action_dispatch/middleware/templates/rescues/_trace.html.erb (2.5ms)
  Rendered /Users/rovaira/.gem/ruby/2.0.0/gems/actionpack-4.2.2/lib/action_dispatch/middleware/templates/rescues/_request_and_response.html.erb (1.5ms)
  Rendered /Users/rovaira/.gem/ruby/2.0.0/gems/actionpack-4.2.2/lib/action_dispatch/middleware/templates/rescues/template_error.html.erb within rescues/layout (22.7ms)
  Rendered /Users/rovaira/.gem/ruby/2.0.0/gems/web-console-2.1.3/lib/web_console/templates/_markup.html.erb (0.4ms)
  Rendered /Users/rovaira/.gem/ruby/2.0.0/gems/web-console-2.1.3/lib/web_console/templates/style.css.erb within layouts/inlined_string (0.4ms)
  Rendered /Users/rovaira/.gem/ruby/2.0.0/gems/web-console-2.1.3/lib/web_console/templates/_inner_console_markup.html.erb within layouts/inlined_string (0.4ms)
  Rendered /Users/rovaira/.gem/ruby/2.0.0/gems/web-console-2.1.3/lib/web_console/templates/_prompt_box_markup.html.erb within layouts/inlined_string (0.3ms)
  Rendered /Users/rovaira/.gem/ruby/2.0.0/gems/web-console-2.1.3/lib/web_console/templates/console.js.erb within layouts/javascript (16.0ms)
  Rendered /Users/rovaira/.gem/ruby/2.0.0/gems/web-console-2.1.3/lib/web_console/templates/main.js.erb within layouts/javascript (0.5ms)
  Rendered /Users/rovaira/.gem/ruby/2.0.0/gems/web-console-2.1.3/lib/web_console/templates/error_page.js.erb within layouts/javascript (0.4ms)
  Rendered /Users/rovaira/.gem/ruby/2.0.0/gems/web-console-2.1.3/lib/web_console/templates/index.html.erb (34.2ms)


Started GET "/questions/3" for ::1 at 2015-06-22 16:46:17 -0400
Processing by QuestionsController#show as HTML
  Parameters: {"id"=>"3"}
  Rendered questions/show.html.erb within layouts/application (9.9ms)
Completed 500 Internal Server Error in 13ms (ActiveRecord: 0.0ms)

ActionView::Template::Error (undefined local variable or method `question' for #<#<Class:0x007fd83fe12660>:0x007fd83fcfb5d8>):
    1: <div class="row">
    2:   <div class="large-12">
    3:     <h1><%= question.title %></h1>
    4: 
    5:     <div class="large-10 offset-2">
    6:       <%= @questions.description %>
  app/views/questions/show.html.erb:3:in `_app_views_questions_show_html_erb___1030112199727096449_70283380117960'


  Rendered /Users/rovaira/.gem/ruby/2.0.0/gems/actionpack-4.2.2/lib/action_dispatch/middleware/templates/rescues/_source.erb (5.5ms)
  Rendered /Users/rovaira/.gem/ruby/2.0.0/gems/actionpack-4.2.2/lib/action_dispatch/middleware/templates/rescues/_trace.html.erb (2.4ms)
  Rendered /Users/rovaira/.gem/ruby/2.0.0/gems/actionpack-4.2.2/lib/action_dispatch/middleware/templates/rescues/_request_and_response.html.erb (1.4ms)
  Rendered /Users/rovaira/.gem/ruby/2.0.0/gems/actionpack-4.2.2/lib/action_dispatch/middleware/templates/rescues/template_error.html.erb within rescues/layout (21.3ms)
  Rendered /Users/rovaira/.gem/ruby/2.0.0/gems/web-console-2.1.3/lib/web_console/templates/_markup.html.erb (0.4ms)
  Rendered /Users/rovaira/.gem/ruby/2.0.0/gems/web-console-2.1.3/lib/web_console/templates/style.css.erb within layouts/inlined_string (0.4ms)
  Rendered /Users/rovaira/.gem/ruby/2.0.0/gems/web-console-2.1.3/lib/web_console/templates/_inner_console_markup.html.erb within layouts/inlined_string (0.3ms)
  Rendered /Users/rovaira/.gem/ruby/2.0.0/gems/web-console-2.1.3/lib/web_console/templates/_prompt_box_markup.html.erb within layouts/inlined_string (0.3ms)
  Rendered /Users/rovaira/.gem/ruby/2.0.0/gems/web-console-2.1.3/lib/web_console/templates/console.js.erb within layouts/javascript (14.5ms)
  Rendered /Users/rovaira/.gem/ruby/2.0.0/gems/web-console-2.1.3/lib/web_console/templates/main.js.erb within layouts/javascript (0.3ms)
  Rendered /Users/rovaira/.gem/ruby/2.0.0/gems/web-console-2.1.3/lib/web_console/templates/error_page.js.erb within layouts/javascript (0.4ms)
  Rendered /Users/rovaira/.gem/ruby/2.0.0/gems/web-console-2.1.3/lib/web_console/templates/index.html.erb (31.0ms)


Started GET "/questions/3" for ::1 at 2015-06-22 16:46:25 -0400
Processing by QuestionsController#show as HTML
  Parameters: {"id"=>"3"}
  Rendered questions/show.html.erb within layouts/application (73.2ms)
Completed 500 Internal Server Error in 76ms (ActiveRecord: 0.0ms)

ActionView::Template::Error (undefined local variable or method `question' for #<#<Class:0x007fd83fe12660>:0x007fd83fed8130>):
    1: <div class="row">
    2:   <div class="large-12">
    3:     <h1><%= question.title %></h1>
    4: 
    5:     <div class="large-10 offset-2">
    6:       <%= @question.description %>
  app/views/questions/show.html.erb:3:in `_app_views_questions_show_html_erb___1030112199727096449_70283381135140'


  Rendered /Users/rovaira/.gem/ruby/2.0.0/gems/actionpack-4.2.2/lib/action_dispatch/middleware/templates/rescues/_source.erb (5.5ms)
  Rendered /Users/rovaira/.gem/ruby/2.0.0/gems/actionpack-4.2.2/lib/action_dispatch/middleware/templates/rescues/_trace.html.erb (2.4ms)
  Rendered /Users/rovaira/.gem/ruby/2.0.0/gems/actionpack-4.2.2/lib/action_dispatch/middleware/templates/rescues/_request_and_response.html.erb (1.1ms)
  Rendered /Users/rovaira/.gem/ruby/2.0.0/gems/actionpack-4.2.2/lib/action_dispatch/middleware/templates/rescues/template_error.html.erb within rescues/layout (20.7ms)
  Rendered /Users/rovaira/.gem/ruby/2.0.0/gems/web-console-2.1.3/lib/web_console/templates/_markup.html.erb (0.4ms)
  Rendered /Users/rovaira/.gem/ruby/2.0.0/gems/web-console-2.1.3/lib/web_console/templates/style.css.erb within layouts/inlined_string (0.2ms)
  Rendered /Users/rovaira/.gem/ruby/2.0.0/gems/web-console-2.1.3/lib/web_console/templates/_inner_console_markup.html.erb within layouts/inlined_string (0.3ms)
  Rendered /Users/rovaira/.gem/ruby/2.0.0/gems/web-console-2.1.3/lib/web_console/templates/_prompt_box_markup.html.erb within layouts/inlined_string (0.3ms)
  Rendered /Users/rovaira/.gem/ruby/2.0.0/gems/web-console-2.1.3/lib/web_console/templates/console.js.erb within layouts/javascript (72.6ms)
  Rendered /Users/rovaira/.gem/ruby/2.0.0/gems/web-console-2.1.3/lib/web_console/templates/main.js.erb within layouts/javascript (0.2ms)
  Rendered /Users/rovaira/.gem/ruby/2.0.0/gems/web-console-2.1.3/lib/web_console/templates/error_page.js.erb within layouts/javascript (0.4ms)
  Rendered /Users/rovaira/.gem/ruby/2.0.0/gems/web-console-2.1.3/lib/web_console/templates/index.html.erb (87.0ms)


Started GET "/questions/3" for ::1 at 2015-06-22 16:47:10 -0400
Processing by QuestionsController#show as HTML
  Parameters: {"id"=>"3"}
  Rendered questions/show.html.erb within layouts/application (10.8ms)
Completed 500 Internal Server Error in 14ms (ActiveRecord: 0.0ms)

ActionView::Template::Error (undefined local variable or method `question' for #<#<Class:0x007fd83fe12660>:0x007fd83f8816d8>):
    1: <div class="row">
    2:   <div class="large-12">
    3:     <h1><%= question.title %></h1>
    4:   </div>
    5: 
    6:     <div class="large-10 offset-2">
  app/views/questions/show.html.erb:3:in `_app_views_questions_show_html_erb___1030112199727096449_70283377820020'


  Rendered /Users/rovaira/.gem/ruby/2.0.0/gems/actionpack-4.2.2/lib/action_dispatch/middleware/templates/rescues/_source.erb (5.8ms)
  Rendered /Users/rovaira/.gem/ruby/2.0.0/gems/actionpack-4.2.2/lib/action_dispatch/middleware/templates/rescues/_trace.html.erb (2.4ms)
  Rendered /Users/rovaira/.gem/ruby/2.0.0/gems/actionpack-4.2.2/lib/action_dispatch/middleware/templates/rescues/_request_and_response.html.erb (1.1ms)
  Rendered /Users/rovaira/.gem/ruby/2.0.0/gems/actionpack-4.2.2/lib/action_dispatch/middleware/templates/rescues/template_error.html.erb within rescues/layout (20.5ms)
  Rendered /Users/rovaira/.gem/ruby/2.0.0/gems/web-console-2.1.3/lib/web_console/templates/_markup.html.erb (0.3ms)
  Rendered /Users/rovaira/.gem/ruby/2.0.0/gems/web-console-2.1.3/lib/web_console/templates/style.css.erb within layouts/inlined_string (0.3ms)
  Rendered /Users/rovaira/.gem/ruby/2.0.0/gems/web-console-2.1.3/lib/web_console/templates/_inner_console_markup.html.erb within layouts/inlined_string (0.3ms)
  Rendered /Users/rovaira/.gem/ruby/2.0.0/gems/web-console-2.1.3/lib/web_console/templates/_prompt_box_markup.html.erb within layouts/inlined_string (0.2ms)
  Rendered /Users/rovaira/.gem/ruby/2.0.0/gems/web-console-2.1.3/lib/web_console/templates/console.js.erb within layouts/javascript (12.8ms)
  Rendered /Users/rovaira/.gem/ruby/2.0.0/gems/web-console-2.1.3/lib/web_console/templates/main.js.erb within layouts/javascript (0.3ms)
  Rendered /Users/rovaira/.gem/ruby/2.0.0/gems/web-console-2.1.3/lib/web_console/templates/error_page.js.erb within layouts/javascript (0.4ms)
  Rendered /Users/rovaira/.gem/ruby/2.0.0/gems/web-console-2.1.3/lib/web_console/templates/index.html.erb (27.3ms)


Started GET "/questions/3" for ::1 at 2015-06-22 16:47:15 -0400
Processing by QuestionsController#show as HTML
  Parameters: {"id"=>"3"}
  Rendered questions/show.html.erb within layouts/application (9.9ms)
Completed 500 Internal Server Error in 13ms (ActiveRecord: 0.0ms)

ActionView::Template::Error (undefined local variable or method `question' for #<#<Class:0x007fd83fe12660>:0x007fd840381678>):
    1: <div class="row">
    2:   <div class="large-12">
    3:     <h1><%= question.title %></h1>
    4:   </div>
    5: 
    6:     <div class="large-10 offset-2">
  app/views/questions/show.html.erb:3:in `_app_views_questions_show_html_erb___1030112199727096449_70283383538200'


  Rendered /Users/rovaira/.gem/ruby/2.0.0/gems/actionpack-4.2.2/lib/action_dispatch/middleware/templates/rescues/_source.erb (5.1ms)
  Rendered /Users/rovaira/.gem/ruby/2.0.0/gems/actionpack-4.2.2/lib/action_dispatch/middleware/templates/rescues/_trace.html.erb (2.1ms)
  Rendered /Users/rovaira/.gem/ruby/2.0.0/gems/actionpack-4.2.2/lib/action_dispatch/middleware/templates/rescues/_request_and_response.html.erb (1.2ms)
  Rendered /Users/rovaira/.gem/ruby/2.0.0/gems/actionpack-4.2.2/lib/action_dispatch/middleware/templates/rescues/template_error.html.erb within rescues/layout (19.2ms)
  Rendered /Users/rovaira/.gem/ruby/2.0.0/gems/web-console-2.1.3/lib/web_console/templates/_markup.html.erb (0.4ms)
  Rendered /Users/rovaira/.gem/ruby/2.0.0/gems/web-console-2.1.3/lib/web_console/templates/style.css.erb within layouts/inlined_string (0.3ms)
  Rendered /Users/rovaira/.gem/ruby/2.0.0/gems/web-console-2.1.3/lib/web_console/templates/_inner_console_markup.html.erb within layouts/inlined_string (0.3ms)
  Rendered /Users/rovaira/.gem/ruby/2.0.0/gems/web-console-2.1.3/lib/web_console/templates/_prompt_box_markup.html.erb within layouts/inlined_string (0.3ms)
  Rendered /Users/rovaira/.gem/ruby/2.0.0/gems/web-console-2.1.3/lib/web_console/templates/console.js.erb within layouts/javascript (13.5ms)
  Rendered /Users/rovaira/.gem/ruby/2.0.0/gems/web-console-2.1.3/lib/web_console/templates/main.js.erb within layouts/javascript (0.3ms)
  Rendered /Users/rovaira/.gem/ruby/2.0.0/gems/web-console-2.1.3/lib/web_console/templates/error_page.js.erb within layouts/javascript (0.4ms)
  Rendered /Users/rovaira/.gem/ruby/2.0.0/gems/web-console-2.1.3/lib/web_console/templates/index.html.erb (28.6ms)


Started GET "/" for ::1 at 2015-06-22 16:47:36 -0400
  [1m[36mActiveRecord::SchemaMigration Load (0.6ms)[0m  [1mSELECT "schema_migrations".* FROM "schema_migrations"[0m
Processing by QuestionsController#index as HTML
  [1m[35m (0.7ms)[0m  SELECT COUNT(*) FROM "questions"
  [1m[36mQuestion Load (1.0ms)[0m  [1mSELECT "questions".* FROM "questions"  ORDER BY "questions"."id" DESC[0m
  Rendered questions/index.html.erb within layouts/application (18.7ms)
Completed 200 OK in 572ms (Views: 563.3ms | ActiveRecord: 6.1ms)


Started GET "/" for ::1 at 2015-06-22 16:47:37 -0400
Processing by QuestionsController#index as HTML
  [1m[35m (0.8ms)[0m  SELECT COUNT(*) FROM "questions"
  [1m[36mQuestion Load (0.5ms)[0m  [1mSELECT "questions".* FROM "questions"  ORDER BY "questions"."id" DESC[0m
  Rendered questions/index.html.erb within layouts/application (3.4ms)
Completed 200 OK in 90ms (Views: 88.7ms | ActiveRecord: 1.4ms)


Started GET "/questions/3" for ::1 at 2015-06-22 16:47:39 -0400
Processing by QuestionsController#show as HTML
  Parameters: {"id"=>"3"}
  Rendered questions/show.html.erb within layouts/application (75.7ms)
Completed 500 Internal Server Error in 78ms (ActiveRecord: 0.0ms)

ActionView::Template::Error (undefined local variable or method `question' for #<#<Class:0x007fc7b49689e8>:0x007fc7ba6466d8>):
    1: <div class="row">
    2:   <div class="large-12">
    3:     <h1><%= question.title %></h1>
    4:   </div>
    5: 
    6:     <div class="large-10 offset-2">
  app/views/questions/show.html.erb:3:in `_app_views_questions_show_html_erb___1655522310959053451_70247901178440'


  Rendered /Users/rovaira/.gem/ruby/2.0.0/gems/actionpack-4.2.2/lib/action_dispatch/middleware/templates/rescues/_source.erb (5.7ms)
  Rendered /Users/rovaira/.gem/ruby/2.0.0/gems/actionpack-4.2.2/lib/action_dispatch/middleware/templates/rescues/_trace.html.erb (2.7ms)
  Rendered /Users/rovaira/.gem/ruby/2.0.0/gems/actionpack-4.2.2/lib/action_dispatch/middleware/templates/rescues/_request_and_response.html.erb (1.3ms)
  Rendered /Users/rovaira/.gem/ruby/2.0.0/gems/actionpack-4.2.2/lib/action_dispatch/middleware/templates/rescues/template_error.html.erb within rescues/layout (22.7ms)
  Rendered /Users/rovaira/.gem/ruby/2.0.0/gems/web-console-2.1.3/lib/web_console/templates/_markup.html.erb (0.4ms)
  Rendered /Users/rovaira/.gem/ruby/2.0.0/gems/web-console-2.1.3/lib/web_console/templates/style.css.erb within layouts/inlined_string (0.4ms)
  Rendered /Users/rovaira/.gem/ruby/2.0.0/gems/web-console-2.1.3/lib/web_console/templates/_inner_console_markup.html.erb within layouts/inlined_string (0.4ms)
  Rendered /Users/rovaira/.gem/ruby/2.0.0/gems/web-console-2.1.3/lib/web_console/templates/_prompt_box_markup.html.erb within layouts/inlined_string (0.3ms)
  Rendered /Users/rovaira/.gem/ruby/2.0.0/gems/web-console-2.1.3/lib/web_console/templates/console.js.erb within layouts/javascript (15.1ms)
  Rendered /Users/rovaira/.gem/ruby/2.0.0/gems/web-console-2.1.3/lib/web_console/templates/main.js.erb within layouts/javascript (0.4ms)
  Rendered /Users/rovaira/.gem/ruby/2.0.0/gems/web-console-2.1.3/lib/web_console/templates/error_page.js.erb within layouts/javascript (0.5ms)
  Rendered /Users/rovaira/.gem/ruby/2.0.0/gems/web-console-2.1.3/lib/web_console/templates/index.html.erb (34.6ms)


Started GET "/questions/3" for ::1 at 2015-06-22 16:48:13 -0400
Processing by QuestionsController#show as HTML
  Parameters: {"id"=>"3"}
  Rendered questions/show.html.erb within layouts/application (1.7ms)
Completed 500 Internal Server Error in 4ms (ActiveRecord: 0.0ms)

ActionView::Template::Error (undefined method `title' for nil:NilClass):
    1: <div class="row">
    2:   <div class="large-12">
    3:     <h1><%= @questions.title %></h1>
    4:   </div>
    5: 
    6:     <div class="large-10 offset-2">
  app/views/questions/show.html.erb:3:in `_app_views_questions_show_html_erb___1655522310959053451_70247885062240'


  Rendered /Users/rovaira/.gem/ruby/2.0.0/gems/actionpack-4.2.2/lib/action_dispatch/middleware/templates/rescues/_source.erb (5.6ms)
  Rendered /Users/rovaira/.gem/ruby/2.0.0/gems/actionpack-4.2.2/lib/action_dispatch/middleware/templates/rescues/_trace.html.erb (2.1ms)
  Rendered /Users/rovaira/.gem/ruby/2.0.0/gems/actionpack-4.2.2/lib/action_dispatch/middleware/templates/rescues/_request_and_response.html.erb (1.3ms)
  Rendered /Users/rovaira/.gem/ruby/2.0.0/gems/actionpack-4.2.2/lib/action_dispatch/middleware/templates/rescues/template_error.html.erb within rescues/layout (19.6ms)
  Rendered /Users/rovaira/.gem/ruby/2.0.0/gems/web-console-2.1.3/lib/web_console/templates/_markup.html.erb (0.3ms)
  Rendered /Users/rovaira/.gem/ruby/2.0.0/gems/web-console-2.1.3/lib/web_console/templates/style.css.erb within layouts/inlined_string (0.4ms)
  Rendered /Users/rovaira/.gem/ruby/2.0.0/gems/web-console-2.1.3/lib/web_console/templates/_inner_console_markup.html.erb within layouts/inlined_string (0.3ms)
  Rendered /Users/rovaira/.gem/ruby/2.0.0/gems/web-console-2.1.3/lib/web_console/templates/_prompt_box_markup.html.erb within layouts/inlined_string (0.2ms)
  Rendered /Users/rovaira/.gem/ruby/2.0.0/gems/web-console-2.1.3/lib/web_console/templates/console.js.erb within layouts/javascript (13.6ms)
  Rendered /Users/rovaira/.gem/ruby/2.0.0/gems/web-console-2.1.3/lib/web_console/templates/main.js.erb within layouts/javascript (0.4ms)
  Rendered /Users/rovaira/.gem/ruby/2.0.0/gems/web-console-2.1.3/lib/web_console/templates/error_page.js.erb within layouts/javascript (0.5ms)
  Rendered /Users/rovaira/.gem/ruby/2.0.0/gems/web-console-2.1.3/lib/web_console/templates/index.html.erb (28.7ms)


Started GET "/questions/3" for ::1 at 2015-06-22 16:52:07 -0400
Processing by QuestionsController#show as HTML
  Parameters: {"id"=>"3"}
  [1m[35mQuestion Load (0.4ms)[0m  SELECT  "questions".* FROM "questions" WHERE "questions"."id" = $1 LIMIT 1  [["id", 3]]
  Rendered questions/show.html.erb within layouts/application (1.5ms)
Completed 500 Internal Server Error in 105ms (ActiveRecord: 5.8ms)

ActionView::Template::Error (undefined method `title' for nil:NilClass):
    1: <div class="row">
    2:   <div class="large-12">
    3:     <h1><%= @questions.title %></h1>
    4:   </div>
    5: 
    6:     <div class="large-10 offset-2">
  app/views/questions/show.html.erb:3:in `_app_views_questions_show_html_erb___1655522310959053451_70247865716840'


  Rendered /Users/rovaira/.gem/ruby/2.0.0/gems/actionpack-4.2.2/lib/action_dispatch/middleware/templates/rescues/_source.erb (6.5ms)
  Rendered /Users/rovaira/.gem/ruby/2.0.0/gems/actionpack-4.2.2/lib/action_dispatch/middleware/templates/rescues/_trace.html.erb (65.0ms)
  Rendered /Users/rovaira/.gem/ruby/2.0.0/gems/actionpack-4.2.2/lib/action_dispatch/middleware/templates/rescues/_request_and_response.html.erb (1.4ms)
  Rendered /Users/rovaira/.gem/ruby/2.0.0/gems/actionpack-4.2.2/lib/action_dispatch/middleware/templates/rescues/template_error.html.erb within rescues/layout (89.3ms)
  Rendered /Users/rovaira/.gem/ruby/2.0.0/gems/web-console-2.1.3/lib/web_console/templates/_markup.html.erb (0.6ms)
  Rendered /Users/rovaira/.gem/ruby/2.0.0/gems/web-console-2.1.3/lib/web_console/templates/style.css.erb within layouts/inlined_string (0.4ms)
  Rendered /Users/rovaira/.gem/ruby/2.0.0/gems/web-console-2.1.3/lib/web_console/templates/_inner_console_markup.html.erb within layouts/inlined_string (0.3ms)
  Rendered /Users/rovaira/.gem/ruby/2.0.0/gems/web-console-2.1.3/lib/web_console/templates/_prompt_box_markup.html.erb within layouts/inlined_string (0.4ms)
  Rendered /Users/rovaira/.gem/ruby/2.0.0/gems/web-console-2.1.3/lib/web_console/templates/console.js.erb within layouts/javascript (19.4ms)
  Rendered /Users/rovaira/.gem/ruby/2.0.0/gems/web-console-2.1.3/lib/web_console/templates/main.js.erb within layouts/javascript (0.3ms)
  Rendered /Users/rovaira/.gem/ruby/2.0.0/gems/web-console-2.1.3/lib/web_console/templates/error_page.js.erb within layouts/javascript (0.4ms)
  Rendered /Users/rovaira/.gem/ruby/2.0.0/gems/web-console-2.1.3/lib/web_console/templates/index.html.erb (42.1ms)


Started GET "/questions/3" for ::1 at 2015-06-22 16:52:49 -0400
Processing by QuestionsController#show as HTML
  Parameters: {"id"=>"3"}
  [1m[36mQuestion Load (1.5ms)[0m  [1mSELECT  "questions".* FROM "questions" WHERE "questions"."id" = $1 LIMIT 1[0m  [["id", 3]]
  Rendered questions/show.html.erb within layouts/application (0.7ms)
Completed 200 OK in 89ms (Views: 85.7ms | ActiveRecord: 1.5ms)


Started GET "/assets/application.self-167193cd81d9330d9ddb5c4ec7b44214fea529aa8a94f3a86e6526e4f652fc02.css?body=1" for ::1 at 2015-06-22 16:52:50 -0400


Started GET "/assets/foundation/foundation.abide.self-f8b56c707a79139807305a5f7efc2aaa0848f0c677abcc056496f507e0192b79.js?body=1" for ::1 at 2015-06-22 16:52:50 -0400


Started GET "/assets/foundation_and_overrides.self-7411fe550fde28faf112a054b1f3d3541a45d56fd2a518294549975f522e2b94.css?body=1" for ::1 at 2015-06-22 16:52:50 -0400


Started GET "/assets/jquery.self-d03a5518f45df77341bdbe6201ba3bfa547ebba8ed64f0ea56bfa5f96ea7c074.js?body=1" for ::1 at 2015-06-22 16:52:50 -0400


Started GET "/assets/jquery_ujs.self-ca5248a2fad13d6bd58ea121318d642f195f0b2dd818b30615f785ff365e8d1f.js?body=1" for ::1 at 2015-06-22 16:52:50 -0400


Started GET "/assets/foundation/foundation.self-ee5396739ce46beb039f26ea629172a74143752d74f703c6c3b219fc52aecf73.js?body=1" for ::1 at 2015-06-22 16:52:50 -0400


Started GET "/assets/foundation/foundation.accordion.self-d55abdcb0a7a29512be2f31f63d418cc8cc4505a0a3c71946d25484b0a0b3f4e.js?body=1" for ::1 at 2015-06-22 16:52:50 -0400


Started GET "/assets/foundation/foundation.alert.self-fbde7afb61e8ffd8ab9b717f0bed1e58cb9e0144a25cc773fea634d5554f62cd.js?body=1" for ::1 at 2015-06-22 16:52:50 -0400


Started GET "/assets/foundation/foundation.clearing.self-54610737b435a97590fcb176848c3c7a44c4d55d369894260fa7c28c97a70a23.js?body=1" for ::1 at 2015-06-22 16:52:50 -0400


Started GET "/assets/foundation/foundation.dropdown.self-c9ee29909e266373e5e814a73fc6ea062245ddd29466d35d232448f73350d78a.js?body=1" for ::1 at 2015-06-22 16:52:50 -0400


Started GET "/assets/foundation/foundation.equalizer.self-7aa743bf4660deb2fb2f601c112806a1703c430067531da3f41e4afffe19fee9.js?body=1" for ::1 at 2015-06-22 16:52:50 -0400


Started GET "/assets/foundation/foundation.interchange.self-dad8415355087cb21a16fa44bac20d602344d52de5aca9e588e3588fce5dd5a7.js?body=1" for ::1 at 2015-06-22 16:52:50 -0400


Started GET "/assets/foundation/foundation.joyride.self-0a5271728699423f583dd5b3b8a11bfe0dc9fb5044446bcf3218ef8ca906a82d.js?body=1" for ::1 at 2015-06-22 16:52:50 -0400


Started GET "/assets/foundation/foundation.magellan.self-a50193f172f11e57b373c3001072ba2d6b34b857ab251e9ded30af5242855687.js?body=1" for ::1 at 2015-06-22 16:52:50 -0400


Started GET "/assets/foundation/foundation.offcanvas.self-75bffd0c7f4f0d2992ab95f0cc6959282ebb5807da70123d40c01d76e230ec88.js?body=1" for ::1 at 2015-06-22 16:52:50 -0400


Started GET "/assets/foundation/foundation.orbit.self-f8d30eb1717c874db26723f9e07901ec0a325d59263f1404ee83a616bb597ad2.js?body=1" for ::1 at 2015-06-22 16:52:50 -0400


Started GET "/assets/foundation/foundation.reveal.self-95f01feb3e25e47b58b78da0021ae2fffafdee70846682067c180e0e10f7b095.js?body=1" for ::1 at 2015-06-22 16:52:50 -0400


Started GET "/assets/foundation/foundation.slider.self-8911a7352cb577b6b7973b0734d57d2b624c79286558ffa36fcac0c29b2d0bee.js?body=1" for ::1 at 2015-06-22 16:52:50 -0400


Started GET "/assets/foundation/foundation.tab.self-9bf6791513d1b20e213bb1aee3df0bc17128c7e18421258dc68a2a4ccabe1647.js?body=1" for ::1 at 2015-06-22 16:52:50 -0400


Started GET "/assets/foundation/foundation.tooltip.self-834156796c253580629cfffc720bdc3d191b1e5a5a6ddbc1102ecd08c876516c.js?body=1" for ::1 at 2015-06-22 16:52:50 -0400


Started GET "/assets/foundation/foundation.topbar.self-105416f061562f07c6a0a8057d68282fdc1eeb5dc306713fcae6c9a53001fc55.js?body=1" for ::1 at 2015-06-22 16:52:50 -0400


Started GET "/assets/foundation.self-abe4ee7a105042f73b12b1f1a28788522d2f253445a475a94ab4d6e1f7b0ec52.js?body=1" for ::1 at 2015-06-22 16:52:50 -0400


Started GET "/assets/application.self-1509cb3433bf7f60a75710bd4d8561d25423676b3c4d4a21914940bf07b8869a.js?body=1" for ::1 at 2015-06-22 16:52:50 -0400


Started GET "/" for ::1 at 2015-06-22 17:06:33 -0400
Processing by QuestionsController#index as HTML
  [1m[35m (15.1ms)[0m  SELECT COUNT(*) FROM "questions"
  [1m[36mQuestion Load (0.6ms)[0m  [1mSELECT "questions".* FROM "questions"  ORDER BY "questions"."id" DESC[0m
  Rendered questions/index.html.erb within layouts/application (20.7ms)
Completed 200 OK in 111ms (Views: 94.9ms | ActiveRecord: 15.7ms)


Started GET "/questions/3" for ::1 at 2015-06-22 17:06:37 -0400
Processing by QuestionsController#show as HTML
  Parameters: {"id"=>"3"}
  [1m[35mQuestion Load (0.4ms)[0m  SELECT  "questions".* FROM "questions" WHERE "questions"."id" = $1 LIMIT 1  [["id", 3]]
  Rendered questions/show.html.erb within layouts/application (0.1ms)
Completed 200 OK in 72ms (Views: 71.0ms | ActiveRecord: 0.4ms)


Started GET "/" for ::1 at 2015-06-22 17:06:39 -0400
Processing by QuestionsController#index as HTML
  [1m[36m (0.4ms)[0m  [1mSELECT COUNT(*) FROM "questions"[0m
  [1m[35mQuestion Load (0.4ms)[0m  SELECT "questions".* FROM "questions"  ORDER BY "questions"."id" DESC
  Rendered questions/index.html.erb within layouts/application (2.3ms)
Completed 200 OK in 147ms (Views: 145.4ms | ActiveRecord: 0.8ms)


Started GET "/questions/2" for ::1 at 2015-06-22 17:06:41 -0400
Processing by QuestionsController#show as HTML
  Parameters: {"id"=>"2"}
  [1m[36mQuestion Load (0.4ms)[0m  [1mSELECT  "questions".* FROM "questions" WHERE "questions"."id" = $1 LIMIT 1[0m  [["id", 2]]
  Rendered questions/show.html.erb within layouts/application (0.1ms)
Completed 200 OK in 77ms (Views: 75.5ms | ActiveRecord: 0.4ms)


Started GET "/" for ::1 at 2015-06-22 17:06:42 -0400
Processing by QuestionsController#index as HTML
  [1m[35m (0.5ms)[0m  SELECT COUNT(*) FROM "questions"
  [1m[36mQuestion Load (0.4ms)[0m  [1mSELECT "questions".* FROM "questions"  ORDER BY "questions"."id" DESC[0m
  Rendered questions/index.html.erb within layouts/application (3.0ms)
Completed 200 OK in 154ms (Views: 152.3ms | ActiveRecord: 0.9ms)


Started GET "/questions/3" for ::1 at 2015-06-22 17:12:00 -0400
Processing by QuestionsController#show as HTML
  Parameters: {"id"=>"3"}
  [1m[35mQuestion Load (0.9ms)[0m  SELECT  "questions".* FROM "questions" WHERE "questions"."id" = $1 LIMIT 1  [["id", 3]]
  Rendered questions/show.html.erb within layouts/application (1.3ms)
Completed 200 OK in 161ms (Views: 148.4ms | ActiveRecord: 0.9ms)
